Args: Namespace(attn_pooling_dropout=0.1, batch_size=128, d_model=128, data_format='pt', disable_epc=0, dropout=0.1, dynamic_hypergraph=1, ecr_target_kappa=0.0001, ecr_warmup_epochs=10, exclude_oob=1, feature_dim_audio=1024, feature_dim_text=1024, feature_dim_video=2048, hyper_heads=1, hyper_multi_head_attention=0, hyper_num_audio=20, hyper_num_text=50, hyper_num_video=10, hyper_tau=0.5, hyper_topk=3, hyper_update_freq=5, is_training=0, itr=1, k=3, kappa=0.05, label_map=7, learning_rate=0.0001, loss_lambda=0.1, loss_mode='bce', num_classes=7, num_ordinal_levels=7, num_workers=8, patience=3, pkl_path='./preprocess/mosi_compact_with_vision.pkl', reg_huber_delta=1.0, reg_loss_type='mae', reg_loss_weight=0.05, root_path='./preprocess/processed_data', seq_len_audio=518, seq_len_text=160, seq_len_video=16, setting_suffix='pt_run13', task_mode='classification', train_epochs=10, use_attn_pooling=0, use_coral=0, use_gpu=True, use_head_ln=0, use_modal_gate=0, use_mosi_ecr=0, weight_decay=1e-05)
Use GPU: cuda
[Info] Number of parameters: 695559
[Info] Loading test data...
test 5744
[Info] test data loaded: 5744 samples
Accuracy: 0.7289
F1 Score (Macro): 0.7153
F1 Score (Weighted): 0.7248

Classification Report:
              precision    recall  f1-score   support

         0.0     0.7310    0.8165    0.7714      1128
         1.0     0.5416    0.4218    0.4742       633
         2.0     0.8571    0.6747    0.7551       498
         3.0     0.7925    0.8280    0.8098       715
         4.0     0.6793    0.7072    0.6930      1216
         5.0     0.7837    0.8423    0.8119      1002
         6.0     0.7210    0.6649    0.6918       552

    accuracy                         0.7289      5744
   macro avg     0.7295    0.7079    0.7153      5744
weighted avg     0.7260    0.7289    0.7248      5744


Confusion Matrix:
[[921  82   3   4  50  47  21]
 [181 267   2  27 104  24  28]
 [ 21   5 336   6  41  50  39]
 [  5  26   1 592  72  14   5]
 [ 58  74  13  93 860  79  39]
 [ 40  10  20   5  73 844  10]
 [ 34  29  17  20  66  19 367]]


