Args: Namespace(attn_pooling_dropout=0.1, batch_size=128, d_model=128, data_format='pt', disable_epc=0, dropout=0.1, dynamic_hypergraph=1, ecr_target_kappa=0.0001, ecr_warmup_epochs=10, exclude_oob=1, feature_dim_audio=1024, feature_dim_text=1024, feature_dim_video=2048, hyper_heads=1, hyper_multi_head_attention=0, hyper_num_audio=20, hyper_num_text=50, hyper_num_video=10, hyper_tau=0.7, hyper_topk=3, hyper_update_freq=5, is_training=0, itr=1, k=3, kappa=0.1, label_map=7, learning_rate=0.0001, loss_lambda=0.1, loss_mode='bce', num_classes=7, num_ordinal_levels=7, num_workers=8, patience=3, pkl_path='./preprocess/mosi_compact_with_vision.pkl', reg_huber_delta=1.0, reg_loss_type='mae', reg_loss_weight=0.05, root_path='./preprocess/processed_data', seq_len_audio=518, seq_len_text=160, seq_len_video=16, setting_suffix='pt_run10', task_mode='classification', train_epochs=10, use_attn_pooling=0, use_coral=0, use_gpu=True, use_head_ln=0, use_modal_gate=0, use_mosi_ecr=0, weight_decay=1e-05)
Use GPU: cuda
[Info] Number of parameters: 695559
[Info] Loading test data...
test 5744
[Info] test data loaded: 5744 samples
Accuracy: 0.7256
F1 Score (Macro): 0.7152
F1 Score (Weighted): 0.7241

Classification Report:
              precision    recall  f1-score   support

         0.0     0.7553    0.7855    0.7701      1128
         1.0     0.5373    0.4897    0.5124       633
         2.0     0.8195    0.6747    0.7401       498
         3.0     0.7818    0.8168    0.7989       715
         4.0     0.7001    0.6719    0.6857      1216
         5.0     0.7956    0.8273    0.8112      1002
         6.0     0.6465    0.7355    0.6881       552

    accuracy                         0.7256      5744
   macro avg     0.7194    0.7145    0.7152      5744
weighted avg     0.7250    0.7256    0.7241      5744


Confusion Matrix:
[[886 112   4   5  41  44  36]
 [138 310   2  27  92  21  43]
 [ 22   6 336   5  33  45  51]
 [  5  24   4 584  72  14  12]
 [ 53  90  19 100 817  72  65]
 [ 46  12  22   8  70 829  15]
 [ 23  23  23  18  42  17 406]]


