Args: Namespace(attn_pooling_dropout=0.1, batch_size=128, d_model=128, data_format='pt', disable_epc=0, dropout=0.1, dynamic_hypergraph=1, ecr_target_kappa=0.0001, ecr_warmup_epochs=10, exclude_oob=1, feature_dim_audio=1024, feature_dim_text=1024, feature_dim_video=2048, hyper_heads=1, hyper_multi_head_attention=0, hyper_num_audio=20, hyper_num_text=50, hyper_num_video=10, hyper_tau=0.5, hyper_topk=3, hyper_update_freq=5, is_training=0, itr=1, k=3, kappa=0.0, label_map=7, learning_rate=0.0001, loss_lambda=0.1, loss_mode='bce', num_classes=7, num_ordinal_levels=7, num_workers=8, patience=3, pkl_path='./preprocess/mosi_compact_with_vision.pkl', reg_huber_delta=1.0, reg_loss_type='mae', reg_loss_weight=0.05, root_path='./preprocess/processed_data', seq_len_audio=518, seq_len_text=160, seq_len_video=16, setting_suffix='pt_run12', task_mode='classification', train_epochs=10, use_attn_pooling=0, use_coral=0, use_gpu=True, use_head_ln=0, use_modal_gate=0, use_mosi_ecr=0, weight_decay=1e-05)
Use GPU: cuda
[Info] Number of parameters: 695559
[Info] Loading test data...
test 5744
[Info] test data loaded: 5744 samples
Accuracy: 0.7321
F1 Score (Macro): 0.7228
F1 Score (Weighted): 0.7311

Classification Report:
              precision    recall  f1-score   support

         0.0     0.7735    0.7722    0.7728      1128
         1.0     0.5343    0.5166    0.5253       633
         2.0     0.8206    0.6888    0.7489       498
         3.0     0.7922    0.8266    0.8090       715
         4.0     0.6948    0.6982    0.6965      1216
         5.0     0.7847    0.8403    0.8116      1002
         6.0     0.6984    0.6920    0.6952       552

    accuracy                         0.7321      5744
   macro avg     0.7284    0.7192    0.7228      5744
weighted avg     0.7316    0.7321    0.7311      5744


Confusion Matrix:
[[871 126   5   4  46  51  25]
 [124 327   2  24 100  26  30]
 [ 21   5 343   5  37  47  40]
 [  3  26   2 591  75  11   7]
 [ 40  90  16  91 849  79  51]
 [ 43  11  24   7  63 842  12]
 [ 24  27  26  24  52  17 382]]


