Args: Namespace(attn_pooling_dropout=0.1, batch_size=128, d_model=128, data_format='pt', disable_epc=0, dropout=0.1, dynamic_hypergraph=1, ecr_target_kappa=0.0001, ecr_warmup_epochs=10, exclude_oob=1, feature_dim_audio=1024, feature_dim_text=1024, feature_dim_video=2048, hyper_heads=1, hyper_multi_head_attention=0, hyper_num_audio=20, hyper_num_text=50, hyper_num_video=10, hyper_tau=0.5, hyper_topk=3, hyper_update_freq=5, is_training=0, itr=1, k=3, kappa=0.1, label_map=7, learning_rate=0.0001, loss_lambda=0.1, loss_mode='bce', num_classes=7, num_ordinal_levels=7, num_workers=8, patience=3, pkl_path='./preprocess/mosi_compact_with_vision.pkl', reg_huber_delta=1.0, reg_loss_type='mae', reg_loss_weight=0.05, root_path='./preprocess/processed_data', seq_len_audio=518, seq_len_text=160, seq_len_video=16, setting_suffix='pt_run14', task_mode='classification', train_epochs=10, use_attn_pooling=0, use_coral=0, use_gpu=True, use_head_ln=0, use_modal_gate=0, use_mosi_ecr=0, weight_decay=1e-05)
Use GPU: cuda
[Info] Number of parameters: 695559
[Info] Loading test data...
test 5744
[Info] test data loaded: 5744 samples
Accuracy: 0.7279
F1 Score (Macro): 0.7202
F1 Score (Weighted): 0.7281

Classification Report:
              precision    recall  f1-score   support

         0.0     0.7688    0.7695    0.7692      1128
         1.0     0.4993    0.5434    0.5204       633
         2.0     0.8167    0.6888    0.7473       498
         3.0     0.7801    0.8238    0.8014       715
         4.0     0.6932    0.6875    0.6903      1216
         5.0     0.7885    0.8373    0.8122      1002
         6.0     0.7526    0.6558    0.7009       552

    accuracy                         0.7279      5744
   macro avg     0.7285    0.7152    0.7202      5744
weighted avg     0.7305    0.7279    0.7281      5744


Confusion Matrix:
[[868 147   5   4  43  42  19]
 [122 344   2  26  89  24  26]
 [ 20   7 343   6  44  49  29]
 [  4  32   4 589  66  15   5]
 [ 46 106  19 100 836  77  32]
 [ 43  15  20   7  70 839   8]
 [ 26  38  27  23  58  18 362]]


