Args: Namespace(attn_pooling_dropout=0.1, batch_size=128, d_model=128, data_format='pt', disable_epc=0, dropout=0.1, dynamic_hypergraph=1, ecr_target_kappa=0.0001, ecr_warmup_epochs=10, exclude_oob=1, feature_dim_audio=1024, feature_dim_text=1024, feature_dim_video=2048, hyper_heads=1, hyper_multi_head_attention=0, hyper_num_audio=20, hyper_num_text=50, hyper_num_video=10, hyper_tau=0.5, hyper_topk=2, hyper_update_freq=5, is_training=0, itr=1, k=3, kappa=0.1, label_map=7, learning_rate=0.0001, loss_lambda=0.1, loss_mode='bce', num_classes=7, num_ordinal_levels=7, num_workers=8, patience=3, pkl_path='./preprocess/mosi_compact_with_vision.pkl', reg_huber_delta=1.0, reg_loss_type='mae', reg_loss_weight=0.05, root_path='./preprocess/processed_data', seq_len_audio=518, seq_len_text=160, seq_len_video=16, setting_suffix='pt_run5', task_mode='classification', train_epochs=10, use_attn_pooling=0, use_coral=0, use_gpu=True, use_head_ln=0, use_modal_gate=0, use_mosi_ecr=0, weight_decay=1e-05)
Use GPU: cuda
[Info] Number of parameters: 695559
[Info] Loading test data...
test 5744
[Info] test data loaded: 5744 samples
Accuracy: 0.7265
F1 Score (Macro): 0.7134
F1 Score (Weighted): 0.7228

Classification Report:
              precision    recall  f1-score   support

         0.0     0.7562    0.7890    0.7722      1128
         1.0     0.5538    0.4313    0.4849       633
         2.0     0.7709    0.7028    0.7353       498
         3.0     0.8064    0.8098    0.8081       715
         4.0     0.6714    0.7056    0.6881      1216
         5.0     0.7693    0.8453    0.8055      1002
         6.0     0.7189    0.6812    0.6995       552

    accuracy                         0.7265      5744
   macro avg     0.7210    0.7093    0.7134      5744
weighted avg     0.7222    0.7265    0.7228      5744


Confusion Matrix:
[[890  87   9   3  60  52  27]
 [161 273   2  22 117  27  31]
 [ 19   4 350   3  43  49  30]
 [  3  26   5 579  75  17  10]
 [ 40  70  26  89 858  92  41]
 [ 35   7  31   4  70 847   8]
 [ 29  26  31  18  55  17 376]]


