Args: Namespace(attn_pooling_dropout=0.1, batch_size=128, d_model=128, data_format='pt', disable_epc=0, dropout=0.1, dynamic_hypergraph=1, ecr_target_kappa=0.0001, ecr_warmup_epochs=10, exclude_oob=1, feature_dim_audio=1024, feature_dim_text=1024, feature_dim_video=2048, hyper_heads=1, hyper_multi_head_attention=0, hyper_num_audio=20, hyper_num_text=50, hyper_num_video=10, hyper_tau=0.5, hyper_topk=3, hyper_update_freq=5, is_training=0, itr=1, k=2, kappa=0.1, label_map=7, learning_rate=0.0001, loss_lambda=0.1, loss_mode='bce', num_classes=7, num_ordinal_levels=7, num_workers=8, patience=3, pkl_path='./preprocess/mosi_compact_with_vision.pkl', reg_huber_delta=1.0, reg_loss_type='mae', reg_loss_weight=0.05, root_path='./preprocess/processed_data', seq_len_audio=518, seq_len_text=160, seq_len_video=16, setting_suffix='pt_run1', task_mode='classification', train_epochs=10, use_attn_pooling=0, use_coral=0, use_gpu=True, use_head_ln=0, use_modal_gate=0, use_mosi_ecr=0, weight_decay=1e-05)
Use GPU: cuda
[Info] Number of parameters: 695559
[Info] Loading test data...
test 5744
[Info] test data loaded: 5744 samples
Accuracy: 0.7288
F1 Score (Macro): 0.7191
F1 Score (Weighted): 0.7275

Classification Report:
              precision    recall  f1-score   support

         0.0     0.7652    0.7917    0.7782      1128
         1.0     0.5297    0.4787    0.5029       633
         2.0     0.8309    0.6807    0.7483       498
         3.0     0.7891    0.8266    0.8074       715
         4.0     0.6611    0.7155    0.6872      1216
         5.0     0.8051    0.8124    0.8087      1002
         6.0     0.7217    0.6812    0.7008       552

    accuracy                         0.7288      5744
   macro avg     0.7290    0.7124    0.7191      5744
weighted avg     0.7287    0.7288    0.7275      5744


Confusion Matrix:
[[893 111   3   5  58  38  20]
 [140 303   2  27 109  22  30]
 [ 20   4 339   3  49  46  37]
 [  3  24   3 591  78   9   7]
 [ 42  87  14  96 870  66  41]
 [ 46  10  22   6  94 814  10]
 [ 23  33  25  21  58  16 376]]


