Args: Namespace(attn_pooling_dropout=0.1, batch_size=128, d_model=128, data_format='pt', disable_epc=0, dropout=0.1, dynamic_hypergraph=1, ecr_target_kappa=0.0001, ecr_warmup_epochs=10, exclude_oob=1, feature_dim_audio=1024, feature_dim_text=1024, feature_dim_video=2048, hyper_heads=1, hyper_multi_head_attention=0, hyper_num_audio=20, hyper_num_text=50, hyper_num_video=10, hyper_tau=0.5, hyper_topk=3, hyper_update_freq=5, is_training=0, itr=1, k=3, kappa=0.1, label_map=7, learning_rate=0.0001, loss_lambda=0.1, loss_mode='bce', num_classes=7, num_ordinal_levels=7, num_workers=8, patience=3, pkl_path='./preprocess/mosi_compact_with_vision.pkl', reg_huber_delta=1.0, reg_loss_type='mae', reg_loss_weight=0.05, root_path='./preprocess/processed_data', seq_len_audio=518, seq_len_text=160, seq_len_video=16, setting_suffix='pt_run2', task_mode='classification', train_epochs=10, use_attn_pooling=0, use_coral=0, use_gpu=True, use_head_ln=0, use_modal_gate=0, use_mosi_ecr=0, weight_decay=1e-05)
Use GPU: cuda
[Info] Number of parameters: 695559
[Info] Loading test data...
test 5744
[Info] test data loaded: 5744 samples
Accuracy: 0.7319
F1 Score (Macro): 0.7223
F1 Score (Weighted): 0.7305

Classification Report:
              precision    recall  f1-score   support

         0.0     0.7463    0.7952    0.7700      1128
         1.0     0.5348    0.4850    0.5087       633
         2.0     0.8221    0.6867    0.7484       498
         3.0     0.8146    0.8112    0.8129       715
         4.0     0.6766    0.7122    0.6939      1216
         5.0     0.8025    0.8313    0.8167      1002
         6.0     0.7261    0.6866    0.7058       552

    accuracy                         0.7319      5744
   macro avg     0.7318    0.7155    0.7223      5744
weighted avg     0.7312    0.7319    0.7305      5744


Confusion Matrix:
[[897 108   5   2  53  40  23]
 [156 307   2  22 101  20  25]
 [ 23   4 342   3  44  49  33]
 [  3  28   5 580  81  11   7]
 [ 49  86  15  82 866  71  47]
 [ 47  10  18   6  80 833   8]
 [ 27  31  29  17  55  14 379]]


