Args: Namespace(attn_pooling_dropout=0.1, batch_size=128, d_model=128, data_format='pt', disable_epc=0, dropout=0.1, dynamic_hypergraph=1, ecr_target_kappa=0.0001, ecr_warmup_epochs=10, exclude_oob=1, feature_dim_audio=1024, feature_dim_text=1024, feature_dim_video=2048, hyper_heads=1, hyper_multi_head_attention=0, hyper_num_audio=20, hyper_num_text=50, hyper_num_video=10, hyper_tau=0.5, hyper_topk=3, hyper_update_freq=5, is_training=0, itr=1, k=3, kappa=0.1, label_map=7, learning_rate=0.0001, loss_lambda=0.1, loss_mode='bce', num_classes=7, num_ordinal_levels=7, num_workers=8, patience=3, pkl_path='./preprocess/mosi_compact_with_vision.pkl', reg_huber_delta=1.0, reg_loss_type='mae', reg_loss_weight=0.05, root_path='./preprocess/processed_data', seq_len_audio=518, seq_len_text=160, seq_len_video=16, setting_suffix='pt_run6', task_mode='classification', train_epochs=10, use_attn_pooling=0, use_coral=0, use_gpu=True, use_head_ln=0, use_modal_gate=0, use_mosi_ecr=0, weight_decay=1e-05)
Use GPU: cuda
[Info] Number of parameters: 695559
[Info] Loading test data...
test 5744
[Info] test data loaded: 5744 samples
Accuracy: 0.7237
F1 Score (Macro): 0.7122
F1 Score (Weighted): 0.7221

Classification Report:
              precision    recall  f1-score   support

         0.0     0.7496    0.7801    0.7646      1128
         1.0     0.5416    0.4834    0.5109       633
         2.0     0.8249    0.6526    0.7287       498
         3.0     0.7918    0.8140    0.8028       715
         4.0     0.6976    0.6809    0.6891      1216
         5.0     0.7929    0.8293    0.8107      1002
         6.0     0.6318    0.7337    0.6790       552

    accuracy                         0.7237      5744
   macro avg     0.7186    0.7106    0.7122      5744
weighted avg     0.7237    0.7237    0.7221      5744


Confusion Matrix:
[[880 107   3   3  47  46  42]
 [150 306   1  23  87  23  43]
 [ 24   4 325   5  40  46  54]
 [  4  29   5 582  68  15  12]
 [ 47  83  16  97 828  76  69]
 [ 46  10  22   5  72 831  16]
 [ 23  26  22  20  45  11 405]]


