Args: Namespace(attn_pooling_dropout=0.1, batch_size=128, d_model=128, data_format='pt', disable_epc=0, dropout=0.1, dynamic_hypergraph=1, ecr_target_kappa=0.0001, ecr_warmup_epochs=10, exclude_oob=1, feature_dim_audio=1024, feature_dim_text=1024, feature_dim_video=2048, hyper_heads=1, hyper_multi_head_attention=0, hyper_num_audio=20, hyper_num_text=50, hyper_num_video=10, hyper_tau=0.5, hyper_topk=3, hyper_update_freq=5, is_training=0, itr=1, k=3, kappa=0.1, label_map=7, learning_rate=0.0001, loss_lambda=0.1, loss_mode='bce', num_classes=7, num_ordinal_levels=7, num_workers=8, patience=3, pkl_path='./preprocess/mosi_compact_with_vision.pkl', reg_huber_delta=1.0, reg_loss_type='mae', reg_loss_weight=0.05, root_path='./preprocess/processed_data', seq_len_audio=518, seq_len_text=160, seq_len_video=16, setting_suffix='pt_run9', task_mode='classification', train_epochs=10, use_attn_pooling=0, use_coral=0, use_gpu=True, use_head_ln=0, use_modal_gate=0, use_mosi_ecr=0, weight_decay=1e-05)
Use GPU: cuda
[Info] Number of parameters: 695559
[Info] Loading test data...
test 5744
[Info] test data loaded: 5744 samples
Accuracy: 0.7289
F1 Score (Macro): 0.7203
F1 Score (Weighted): 0.7285

Classification Report:
              precision    recall  f1-score   support

         0.0     0.7724    0.7642    0.7683      1128
         1.0     0.5247    0.5197    0.5222       633
         2.0     0.8367    0.6687    0.7433       498
         3.0     0.7752    0.8392    0.8059       715
         4.0     0.6932    0.6875    0.6903      1216
         5.0     0.8039    0.8263    0.8150      1002
         6.0     0.6728    0.7228    0.6969       552

    accuracy                         0.7289      5744
   macro avg     0.7256    0.7183    0.7203      5744
weighted avg     0.7302    0.7289    0.7285      5744


Confusion Matrix:
[[862 125   5   5  48  44  39]
 [128 329   3  26  95  20  32]
 [ 18   6 333   4  43  44  50]
 [  4  28   2 600  61   9  11]
 [ 39  96  14 109 836  71  51]
 [ 44  13  21  11  74 828  11]
 [ 21  30  20  19  49  14 399]]


