Args: Namespace(attn_pooling_dropout=0.1, batch_size=128, d_model=128, data_format='pt', disable_epc=0, dropout=0.1, dynamic_hypergraph=1, ecr_target_kappa=0.0001, ecr_warmup_epochs=10, exclude_oob=1, feature_dim_audio=1024, feature_dim_text=1024, feature_dim_video=2048, hyper_heads=1, hyper_multi_head_attention=0, hyper_num_audio=20, hyper_num_text=50, hyper_num_video=10, hyper_tau=0.5, hyper_topk=3, hyper_update_freq=5, is_training=0, itr=1, k=3, kappa=0.2, label_map=7, learning_rate=0.0001, loss_lambda=0.1, loss_mode='bce', num_classes=7, num_ordinal_levels=7, num_workers=8, patience=3, pkl_path='./preprocess/mosi_compact_with_vision.pkl', reg_huber_delta=1.0, reg_loss_type='mae', reg_loss_weight=0.05, root_path='./preprocess/processed_data', seq_len_audio=518, seq_len_text=160, seq_len_video=16, setting_suffix='pt_run15', task_mode='classification', train_epochs=10, use_attn_pooling=0, use_coral=0, use_gpu=True, use_head_ln=0, use_modal_gate=0, use_mosi_ecr=0, weight_decay=1e-05)
Use GPU: cuda
[Info] Number of parameters: 695559
[Info] Loading test data...
test 5744
[Info] test data loaded: 5744 samples
Accuracy: 0.7267
F1 Score (Macro): 0.7188
F1 Score (Weighted): 0.7273

Classification Report:
              precision    recall  f1-score   support

         0.0     0.7598    0.7881    0.7737      1128
         1.0     0.5022    0.5355    0.5183       633
         2.0     0.7865    0.7028    0.7423       498
         3.0     0.7970    0.8182    0.8075       715
         4.0     0.6775    0.7015    0.6893      1216
         5.0     0.8155    0.7984    0.8069      1002
         6.0     0.7458    0.6486    0.6938       552

    accuracy                         0.7267      5744
   macro avg     0.7263    0.7133    0.7188      5744
weighted avg     0.7293    0.7267    0.7273      5744


Confusion Matrix:
[[889 131   4   3  45  39  17]
 [137 339   3  24  90  17  23]
 [ 22   5 350   3  45  45  28]
 [  3  30   5 585  75  10   7]
 [ 42 113  20  93 853  58  37]
 [ 47  16  28   6  95 800  10]
 [ 30  41  35  20  56  12 358]]


