
usage: run.py [-h] [--is_training IS_TRAINING] [--root_path ROOT_PATH]
              [--data_format {pt,pkl}] [--pkl_path PKL_PATH]
              [--label_map {2,5,7}] [--exclude_oob EXCLUDE_OOB]
              [--num_workers NUM_WORKERS] [--num_classes NUM_CLASSES]
              [--d_model D_MODEL] [--dropout DROPOUT] [--k K]
              [--dynamic_hypergraph DYNAMIC_HYPERGRAPH]
              [--hyper_update_freq HYPER_UPDATE_FREQ]
              [--hyper_heads HYPER_HEADS]
              [--hyper_multi_head_attention HYPER_MULTI_HEAD_ATTENTION]
              [--hyper_num_text HYPER_NUM_TEXT]
              [--hyper_num_audio HYPER_NUM_AUDIO]
              [--hyper_num_video HYPER_NUM_VIDEO]
              [--seq_len_text SEQ_LEN_TEXT] [--seq_len_audio SEQ_LEN_AUDIO]
              [--seq_len_video SEQ_LEN_VIDEO]
              [--feature_dim_text FEATURE_DIM_TEXT]
              [--feature_dim_audio FEATURE_DIM_AUDIO]
              [--feature_dim_video FEATURE_DIM_VIDEO]
              [--batch_size BATCH_SIZE] [--learning_rate LEARNING_RATE]
              [--train_epochs TRAIN_EPOCHS] [--patience PATIENCE] [--itr ITR]
              [--kappa KAPPA] [--loss_lambda LOSS_LAMBDA]
              [--task_mode {classification,ordinal}]
              [--loss_mode {bce,focal,pos_weight}] [--use_coral USE_CORAL]
              [--num_ordinal_levels NUM_ORDINAL_LEVELS]
              [--use_mosi_ecr USE_MOSI_ECR]
              [--ecr_warmup_epochs ECR_WARMUP_EPOCHS]
              [--ecr_target_kappa ECR_TARGET_KAPPA]
              [--disable_epc DISABLE_EPC]
run.py: error: argument --loss_mode: invalid choice: 'coral' (choose from 'bce', 'focal', 'pos_weight')

ERROR conda.cli.main_run:execute(127): `conda run python run.py --is_training 1 --root_path ./datasets --data_format pkl --pkl_path ./preprocess/mosi_all_feat.pkl --label_map 7 --exclude_oob 1 --num_workers 8 --num_classes 7 --task_mode ordinal --d_model 128 --dropout 0.1 --k 3 --hyper_heads 1 --hyper_multi_head_attention 0 --seq_len_text 44 --seq_len_audio 500 --seq_len_video 32 --feature_dim_text 768 --feature_dim_audio 768 --feature_dim_video 512 --batch_size 64 --learning_rate 0.0001 --train_epochs 10 --patience 3 --itr 1 --kappa 0.0001 --loss_mode coral --learning_rate 0.003 --hyper_num_text 20 --hyper_num_audio 30 --hyper_num_video 10 --use_mosi_ecr 0 --use_coral 1` failed. (See above for error)
