Args: Namespace(attn_pooling_dropout=0.1, batch_size=128, d_model=128, data_format='pt', disable_epc=0, dropout=0.1, dynamic_hypergraph=1, ecr_target_kappa=0.0001, ecr_warmup_epochs=10, exclude_oob=1, feature_dim_audio=1024, feature_dim_text=1024, feature_dim_video=2048, hyper_heads=1, hyper_multi_head_attention=0, hyper_num_audio=20, hyper_num_text=50, hyper_num_video=10, hyper_tau=1.0, hyper_topk=3, hyper_update_freq=5, is_training=0, itr=1, k=3, kappa=0.1, label_map=7, learning_rate=0.0001, loss_lambda=0.1, loss_mode='bce', num_classes=7, num_ordinal_levels=7, num_workers=8, patience=3, pkl_path='./preprocess/mosi_compact_with_vision.pkl', reg_huber_delta=1.0, reg_loss_type='mae', reg_loss_weight=0.05, root_path='./preprocess/processed_data', seq_len_audio=518, seq_len_text=160, seq_len_video=16, setting_suffix='pt_run11', task_mode='classification', train_epochs=10, use_attn_pooling=0, use_coral=0, use_gpu=True, use_head_ln=0, use_modal_gate=0, use_mosi_ecr=0, weight_decay=1e-05)
Use GPU: cuda
[Info] Number of parameters: 695559
[Info] Loading test data...
test 5744
[Info] test data loaded: 5744 samples
Accuracy: 0.7279
F1 Score (Macro): 0.7186
F1 Score (Weighted): 0.7262

Classification Report:
              precision    recall  f1-score   support

         0.0     0.7519    0.7846    0.7679      1128
         1.0     0.5300    0.5024    0.5158       633
         2.0     0.8214    0.6928    0.7516       498
         3.0     0.7860    0.8322    0.8084       715
         4.0     0.6887    0.6859    0.6873      1216
         5.0     0.7773    0.8393    0.8071      1002
         6.0     0.7304    0.6576    0.6921       552

    accuracy                         0.7279      5744
   macro avg     0.7265    0.7135    0.7186      5744
weighted avg     0.7267    0.7279    0.7262      5744


Confusion Matrix:
[[885 116   3   3  50  49  22]
 [140 318   2  25  94  26  28]
 [ 22   6 345   5  42  50  28]
 [  3  25   4 595  68  11   9]
 [ 48  88  18 101 834  87  40]
 [ 46  11  19   8  70 841   7]
 [ 33  36  29  20  53  18 363]]


